<?xml version="1.0" encoding="UTF-8"?>
<!-- Generated by org.testng.reporters.JUnitReportReporter -->
<testsuite hostname="DESKTOP-8JMN97U" failures="0" tests="1" name="com.qa.Testcases.LoginTestCases" time="26.379" errors="0" timestamp="2020-12-03T12:20:45 PKT" skipped="0">
  <testcase classname="com.qa.Testcases.LoginTestCases" name="VerifyLoginSuccessfull" time="26.379"/>
  <system-out/>
</testsuite> <!-- com.qa.Testcases.LoginTestCases -->
