<?xml version="1.0" encoding="UTF-8"?>
<!-- Generated by org.testng.reporters.JUnitReportReporter -->
<testsuite skipped="0" hostname="DESKTOP-8JMN97U" name="com.qa.Testcases.LoginTestCases" tests="1" failures="0" timestamp="03 Nov 2020 13:23:06 GMT" time="16.686" errors="0">
  <testcase name="VerifyLoginSuccessfull" time="16.686" classname="com.qa.Testcases.LoginTestCases"/>
</testsuite> <!-- com.qa.Testcases.LoginTestCases -->
