<?xml version="1.0" encoding="UTF-8"?>
<!-- Generated by org.testng.reporters.JUnitReportReporter -->
<testsuite skipped="3" hostname="DESKTOP-8JMN97U" name="com.qa.Testcases.UserTestCase" tests="4" failures="0" timestamp="6 Nov 2020 09:00:11 GMT" time="0.012" errors="1">
  <testcase name="AddNewUser" time="0.005" classname="com.qa.Testcases.UserTestCase">
    <skipped/>
  </testcase> <!-- AddNewUser -->
  <testcase name="setUp" time="0.000" classname="com.qa.Testcases.UserTestCase">
    <error type="org.openqa.selenium.SessionNotCreatedException" message="session not created
from chrome not reachable
  (Session info: chrome=86.0.4240.183)
Build info: version: &#039;3.14.0&#039;, revision: &#039;aacccce0&#039;, time: &#039;2018-08-02T20:19:58.91Z&#039;
System info: host: &#039;DESKTOP-8JMN97U&#039;, ip: &#039;192.168.30.180&#039;, os.name: &#039;Windows 10&#039;, os.arch: &#039;amd64&#039;, os.version: &#039;10.0&#039;, java.version: &#039;1.8.0_261&#039;
Driver info: driver.version: ChromeDriver
remote stacktrace: Backtrace:
	Ordinal0 [0x0100C013+3194899]
	Ordinal0 [0x00EF6021+2056225]
	Ordinal0 [0x00D8F4B0+586928]
	Ordinal0 [0x00D85894+546964]
	Ordinal0 [0x00D85F2C+548652]
	Ordinal0 [0x00D87175+553333]
	Ordinal0 [0x00D8241E+533534]
	Ordinal0 [0x00D90620+591392]
	Ordinal0 [0x00D32A0C+207372]
	Ordinal0 [0x00D31D0D+204045]
	Ordinal0 [0x00D2FC1B+195611]
	Ordinal0 [0x00D13B7F+80767]
	Ordinal0 [0x00D14B4E+84814]
	Ordinal0 [0x00D14AD9+84697]
	Ordinal0 [0x00F0CE64+2149988]
	GetHandleVerifier [0x0117BE95+1400773]
	GetHandleVerifier [0x0117BB61+1399953]
	GetHandleVerifier [0x011831FA+1430314]
	GetHandleVerifier [0x0117C69F+1402831]
	Ordinal0 [0x00F03D61+2112865]
	Ordinal0 [0x00F0E5CB+2155979]
	Ordinal0 [0x00F0E6F5+2156277]
	Ordinal0 [0x00F1F26E+2224750]
	BaseThreadInitThunk [0x76A46359+25]
	RtlGetAppContainerNamedObjectPath [0x778F7C24+228]
	RtlGetAppContainerNamedObjectPath [0x778F7BF4+180]
">
      <![CDATA[org.openqa.selenium.SessionNotCreatedException: session not created
from chrome not reachable
  (Session info: chrome=86.0.4240.183)
Build info: version: '3.14.0', revision: 'aacccce0', time: '2018-08-02T20:19:58.91Z'
System info: host: 'DESKTOP-8JMN97U', ip: '192.168.30.180', os.name: 'Windows 10', os.arch: 'amd64', os.version: '10.0', java.version: '1.8.0_261'
Driver info: driver.version: ChromeDriver
remote stacktrace: Backtrace:
	Ordinal0 [0x0100C013+3194899]
	Ordinal0 [0x00EF6021+2056225]
	Ordinal0 [0x00D8F4B0+586928]
	Ordinal0 [0x00D85894+546964]
	Ordinal0 [0x00D85F2C+548652]
	Ordinal0 [0x00D87175+553333]
	Ordinal0 [0x00D8241E+533534]
	Ordinal0 [0x00D90620+591392]
	Ordinal0 [0x00D32A0C+207372]
	Ordinal0 [0x00D31D0D+204045]
	Ordinal0 [0x00D2FC1B+195611]
	Ordinal0 [0x00D13B7F+80767]
	Ordinal0 [0x00D14B4E+84814]
	Ordinal0 [0x00D14AD9+84697]
	Ordinal0 [0x00F0CE64+2149988]
	GetHandleVerifier [0x0117BE95+1400773]
	GetHandleVerifier [0x0117BB61+1399953]
	GetHandleVerifier [0x011831FA+1430314]
	GetHandleVerifier [0x0117C69F+1402831]
	Ordinal0 [0x00F03D61+2112865]
	Ordinal0 [0x00F0E5CB+2155979]
	Ordinal0 [0x00F0E6F5+2156277]
	Ordinal0 [0x00F1F26E+2224750]
	BaseThreadInitThunk [0x76A46359+25]
	RtlGetAppContainerNamedObjectPath [0x778F7C24+228]
	RtlGetAppContainerNamedObjectPath [0x778F7BF4+180]

	at sun.reflect.NativeConstructorAccessorImpl.newInstance0(Native Method)
	at sun.reflect.NativeConstructorAccessorImpl.newInstance(Unknown Source)
	at sun.reflect.DelegatingConstructorAccessorImpl.newInstance(Unknown Source)
	at java.lang.reflect.Constructor.newInstance(Unknown Source)
	at org.openqa.selenium.remote.W3CHandshakeResponse.lambda$new$0(W3CHandshakeResponse.java:57)
	at org.openqa.selenium.remote.W3CHandshakeResponse.lambda$getResponseFunction$2(W3CHandshakeResponse.java:104)
	at org.openqa.selenium.remote.ProtocolHandshake.lambda$createSession$0(ProtocolHandshake.java:122)
	at java.util.stream.ReferencePipeline$3$1.accept(Unknown Source)
	at java.util.Spliterators$ArraySpliterator.tryAdvance(Unknown Source)
	at java.util.stream.ReferencePipeline.forEachWithCancel(Unknown Source)
	at java.util.stream.AbstractPipeline.copyIntoWithCancel(Unknown Source)
	at java.util.stream.AbstractPipeline.copyInto(Unknown Source)
	at java.util.stream.AbstractPipeline.wrapAndCopyInto(Unknown Source)
	at java.util.stream.FindOps$FindOp.evaluateSequential(Unknown Source)
	at java.util.stream.AbstractPipeline.evaluate(Unknown Source)
	at java.util.stream.ReferencePipeline.findFirst(Unknown Source)
	at org.openqa.selenium.remote.ProtocolHandshake.createSession(ProtocolHandshake.java:125)
	at org.openqa.selenium.remote.ProtocolHandshake.createSession(ProtocolHandshake.java:73)
	at org.openqa.selenium.remote.HttpCommandExecutor.execute(HttpCommandExecutor.java:136)
	at org.openqa.selenium.remote.service.DriverCommandExecutor.execute(DriverCommandExecutor.java:83)
	at org.openqa.selenium.remote.RemoteWebDriver.execute(RemoteWebDriver.java:548)
	at org.openqa.selenium.remote.RemoteWebDriver.startSession(RemoteWebDriver.java:212)
	at org.openqa.selenium.remote.RemoteWebDriver.<init>(RemoteWebDriver.java:130)
	at org.openqa.selenium.chrome.ChromeDriver.<init>(ChromeDriver.java:181)
	at org.openqa.selenium.chrome.ChromeDriver.<init>(ChromeDriver.java:168)
	at org.openqa.selenium.chrome.ChromeDriver.<init>(ChromeDriver.java:123)
	at com.qa.base.TestBase.initialization(TestBase.java:43)
	at com.qa.Testcases.UserTestCase.setUp(UserTestCase.java:26)
	at sun.reflect.NativeMethodAccessorImpl.invoke0(Native Method)
	at sun.reflect.NativeMethodAccessorImpl.invoke(Unknown Source)
	at sun.reflect.DelegatingMethodAccessorImpl.invoke(Unknown Source)
	at java.lang.reflect.Method.invoke(Unknown Source)
	at org.testng.internal.MethodInvocationHelper.invokeMethod(MethodInvocationHelper.java:100)
	at org.testng.internal.Invoker.invokeConfigurationMethod(Invoker.java:515)
	at org.testng.internal.Invoker.invokeConfigurations(Invoker.java:216)
	at org.testng.internal.Invoker.invokeMethod(Invoker.java:590)
	at org.testng.internal.Invoker.invokeTestMethod(Invoker.java:811)
	at org.testng.internal.Invoker.invokeTestMethods(Invoker.java:1137)
	at org.testng.internal.TestMethodWorker.invokeTestMethods(TestMethodWorker.java:129)
	at org.testng.internal.TestMethodWorker.run(TestMethodWorker.java:112)
	at org.testng.TestRunner.privateRun(TestRunner.java:753)
	at org.testng.TestRunner.run(TestRunner.java:607)
	at org.testng.SuiteRunner.runTest(SuiteRunner.java:368)
	at org.testng.SuiteRunner.runSequentially(SuiteRunner.java:363)
	at org.testng.SuiteRunner.privateRun(SuiteRunner.java:321)
	at org.testng.SuiteRunner.run(SuiteRunner.java:270)
	at org.testng.SuiteRunnerWorker.runSuite(SuiteRunnerWorker.java:52)
	at org.testng.SuiteRunnerWorker.run(SuiteRunnerWorker.java:86)
	at org.testng.TestNG.runSuitesSequentially(TestNG.java:1284)
	at org.testng.TestNG.runSuitesLocally(TestNG.java:1209)
	at org.testng.TestNG.runSuites(TestNG.java:1124)
	at org.testng.TestNG.run(TestNG.java:1096)
	at org.testng.remote.AbstractRemoteTestNG.run(AbstractRemoteTestNG.java:132)
	at org.testng.remote.RemoteTestNG.initAndRun(RemoteTestNG.java:236)
	at org.testng.remote.RemoteTestNG.main(RemoteTestNG.java:81)
]]>
    </error>
  </testcase> <!-- setUp -->
  <testcase name="DeleteUser" time="0.001" classname="com.qa.Testcases.UserTestCase">
    <skipped/>
  </testcase> <!-- DeleteUser -->
  <testcase name="UserEditUser" time="0.006" classname="com.qa.Testcases.UserTestCase">
    <skipped/>
  </testcase> <!-- UserEditUser -->
</testsuite> <!-- com.qa.Testcases.UserTestCase -->
