<?xml version="1.0" encoding="UTF-8"?>
<!-- Generated by org.testng.reporters.JUnitReportReporter -->
<testsuite skipped="0" hostname="DESKTOP-8JMN97U" name="com.qa.Testcases.UserTestCase" tests="1" failures="0" timestamp="04 Nov 2020 10:23:21 GMT" time="19.770" errors="0">
  <testcase name="DeleteUser" time="19.770" classname="com.qa.Testcases.UserTestCase"/>
</testsuite> <!-- com.qa.Testcases.UserTestCase -->
